2018/04/23 03:08:54
========== Configurations ==========
---------- ELASTICSEARCH -----------
server         : localhost
index          : github
type           : siamese
--------------- DATA ---------------
inputFolder    : /home/cragkhit/data/siamese_study/github_revisions/java-design-patterns/unzipped
outputFolder   : search_results
dfs            : true
extension      : java
minCloneSize   : 10
------------- EXECUTION ------------
command        : index
indexingMode   : bulk (4000)
outputFormat   : csvfline
------- MULTI-REPRESENTATION -------
multiRep       : true [true, true, true, true]
T2 norm        : dsvw
T3 norm        : djkopsvw
ngramSize      : t1=4 t2=16 t3=11
---------- QUERY REDUCTION ---------
queryReduction : true
qrThresholds   : t0=20.0 t1=10.0 t2=10.0 t3=5.0
queryBoosts    : t0=1 t1=7 t2=7 t3=14
====================================
Apr 23, 2018 3:08:55 AM org.elasticsearch.plugins.PluginsService <init>
INFO: [Wong] loaded [], sites []
Indexing Phase: found 507 files.
Indexed 507 [100.00%] documents (201 methods).
Successfully creating index.
2018/04/23 03:08:58
Elapse time (ms): 4058
1.10.0.zip
total 4816
-rw-rw-r--  1 cragkhit cragkhit 4924827 Apr 23 03:08 1.10.0.zip
drwxrwxr-x 70 cragkhit cragkhit    4096 Feb  2  2016 java-design-patterns-1.10.0
>> START-UPDATE 1.10.0.zip
2018/04/23 03:08:59
========== Configurations ==========
---------- ELASTICSEARCH -----------
server         : localhost
index          : github
type           : siamese
--------------- DATA ---------------
inputFolder    : /home/cragkhit/data/siamese_study/github_revisions/elasticsearch/unzipped
outputFolder   : search_results
dfs            : true
extension      : java
minCloneSize   : 10
------------- EXECUTION ------------
command        : delete
indexingMode   : bulk (4000)
outputFormat   : csvfline
------- MULTI-REPRESENTATION -------
multiRep       : true [true, true, true, true]
T2 norm        : dsvw
T3 norm        : djkopsvw
ngramSize      : t1=4 t2=16 t3=11
---------- QUERY REDUCTION ---------
queryReduction : true
qrThresholds   : t0=20.0 t1=10.0 t2=10.0 t3=5.0
queryBoosts    : t0=1 t1=7 t2=7 t3=14
====================================
Apr 23, 2018 3:08:59 AM org.elasticsearch.plugins.PluginsService <init>
INFO: [Lurking Unknown] loaded [], sites []
Deleted 201 docs in 165ms

2018/04/23 03:09:00
Elapse time (ms): 956
	Command being timed: "java -jar siamese-0.0.5-SNAPSHOT.jar -cf config_delete_incremental.properties"
	User time (seconds): 1.29
	System time (seconds): 0.10
	Percent of CPU this job got: 132%
	Elapsed (wall clock) time (h:mm:ss or m:ss): 0:01.05
	Average shared text size (kbytes): 0
	Average unshared data size (kbytes): 0
	Average stack size (kbytes): 0
	Average total size (kbytes): 0
	Maximum resident set size (kbytes): 138596
	Average resident set size (kbytes): 0
	Major (requiring I/O) page faults: 0
	Minor (reclaiming a frame) page faults: 13735
	Voluntary context switches: 2913
	Involuntary context switches: 56
	Swaps: 0
	File system inputs: 0
	File system outputs: 72
	Socket messages sent: 0
	Socket messages received: 0
	Signals delivered: 0
	Page size (bytes): 4096
	Exit status: 0
2018/04/23 03:09:00
========== Configurations ==========
---------- ELASTICSEARCH -----------
server         : localhost
index          : github
type           : siamese
--------------- DATA ---------------
inputFolder    : /home/cragkhit/data/siamese_study/github_revisions/java-design-patterns/unzipped
outputFolder   : search_results
dfs            : true
extension      : java
minCloneSize   : 10
------------- EXECUTION ------------
command        : index
indexingMode   : bulk (4000)
outputFormat   : csvfline
------- MULTI-REPRESENTATION -------
multiRep       : true [true, true, true, true]
T2 norm        : dsvw
T3 norm        : djkopsvw
ngramSize      : t1=4 t2=16 t3=11
---------- QUERY REDUCTION ---------
queryReduction : true
qrThresholds   : t0=20.0 t1=10.0 t2=10.0 t3=5.0
queryBoosts    : t0=1 t1=7 t2=7 t3=14
====================================
Apr 23, 2018 3:09:00 AM org.elasticsearch.plugins.PluginsService <init>
INFO: [Fin Fang Foom] loaded [], sites []
Indexing Phase: found 719 files.
Indexed 719 [100.00%] documents (386 methods).
Successfully creating index.
2018/04/23 03:09:04
Elapse time (ms): 4669
	Command being timed: "java -jar siamese-0.0.5-SNAPSHOT.jar -cf config_incremental_index.properties"
	User time (seconds): 9.30
	System time (seconds): 0.71
	Percent of CPU this job got: 209%
	Elapsed (wall clock) time (h:mm:ss or m:ss): 0:04.77
	Average shared text size (kbytes): 0
	Average unshared data size (kbytes): 0
	Average stack size (kbytes): 0
	Average total size (kbytes): 0
	Maximum resident set size (kbytes): 484024
	Average resident set size (kbytes): 0
	Major (requiring I/O) page faults: 0
	Minor (reclaiming a frame) page faults: 99733
	Voluntary context switches: 6780
	Involuntary context switches: 436
	Swaps: 0
	File system inputs: 0
	File system outputs: 80
	Socket messages sent: 0
	Socket messages received: 0
	Signals delivered: 0
	Page size (bytes): 4096
	Exit status: 0
>> END-UPDATE
1.11.0.zip
total 4784
-rw-rw-r--  1 cragkhit cragkhit 4893051 Apr 23 03:09 1.11.0.zip
drwxrwxr-x 74 cragkhit cragkhit    4096 Apr  2  2016 java-design-patterns-1.11.0
>> START-UPDATE 1.11.0.zip
2018/04/23 03:09:05
========== Configurations ==========
---------- ELASTICSEARCH -----------
server         : localhost
index          : github
type           : siamese
--------------- DATA ---------------
inputFolder    : /home/cragkhit/data/siamese_study/github_revisions/elasticsearch/unzipped
outputFolder   : search_results
dfs            : true
extension      : java
minCloneSize   : 10
------------- EXECUTION ------------
command        : delete
indexingMode   : bulk (4000)
outputFormat   : csvfline
------- MULTI-REPRESENTATION -------
multiRep       : true [true, true, true, true]
T2 norm        : dsvw
T3 norm        : djkopsvw
ngramSize      : t1=4 t2=16 t3=11
---------- QUERY REDUCTION ---------
queryReduction : true
qrThresholds   : t0=20.0 t1=10.0 t2=10.0 t3=5.0
queryBoosts    : t0=1 t1=7 t2=7 t3=14
====================================
Apr 23, 2018 3:09:05 AM org.elasticsearch.plugins.PluginsService <init>
INFO: [Gunthar of Rigel] loaded [], sites []
Deleted 386 docs in 138ms

2018/04/23 03:09:06
Elapse time (ms): 948
	Command being timed: "java -jar siamese-0.0.5-SNAPSHOT.jar -cf config_delete_incremental.properties"
	User time (seconds): 1.38
	System time (seconds): 0.07
	Percent of CPU this job got: 139%
	Elapsed (wall clock) time (h:mm:ss or m:ss): 0:01.04
	Average shared text size (kbytes): 0
	Average unshared data size (kbytes): 0
	Average stack size (kbytes): 0
	Average total size (kbytes): 0
	Maximum resident set size (kbytes): 139672
	Average resident set size (kbytes): 0
	Major (requiring I/O) page faults: 0
	Minor (reclaiming a frame) page faults: 13978
	Voluntary context switches: 2932
	Involuntary context switches: 51
	Swaps: 0
	File system inputs: 0
	File system outputs: 112
	Socket messages sent: 0
	Socket messages received: 0
	Signals delivered: 0
	Page size (bytes): 4096
	Exit status: 0
2018/04/23 03:09:06
========== Configurations ==========
---------- ELASTICSEARCH -----------
server         : localhost
index          : github
type           : siamese
--------------- DATA ---------------
inputFolder    : /home/cragkhit/data/siamese_study/github_revisions/java-design-patterns/unzipped
outputFolder   : search_results
dfs            : true
extension      : java
minCloneSize   : 10
------------- EXECUTION ------------
command        : index
indexingMode   : bulk (4000)
outputFormat   : csvfline
------- MULTI-REPRESENTATION -------
multiRep       : true [true, true, true, true]
T2 norm        : dsvw
T3 norm        : djkopsvw
ngramSize      : t1=4 t2=16 t3=11
---------- QUERY REDUCTION ---------
queryReduction : true
qrThresholds   : t0=20.0 t1=10.0 t2=10.0 t3=5.0
queryBoosts    : t0=1 t1=7 t2=7 t3=14
====================================
Apr 23, 2018 3:09:06 AM org.elasticsearch.plugins.PluginsService <init>
INFO: [Terror] loaded [], sites []
Indexing Phase: found 749 files.
Indexed 749 [100.00%] documents (400 methods).
Successfully creating index.
2018/04/23 03:09:11
Elapse time (ms): 5003
	Command being timed: "java -jar siamese-0.0.5-SNAPSHOT.jar -cf config_incremental_index.properties"
	User time (seconds): 11.25
	System time (seconds): 0.67
	Percent of CPU this job got: 233%
	Elapsed (wall clock) time (h:mm:ss or m:ss): 0:05.11
	Average shared text size (kbytes): 0
	Average unshared data size (kbytes): 0
	Average stack size (kbytes): 0
	Average total size (kbytes): 0
	Maximum resident set size (kbytes): 505228
	Average resident set size (kbytes): 0
	Major (requiring I/O) page faults: 0
	Minor (reclaiming a frame) page faults: 109731
	Voluntary context switches: 6727
	Involuntary context switches: 675
	Swaps: 0
	File system inputs: 0
	File system outputs: 80
	Socket messages sent: 0
	Socket messages received: 0
	Signals delivered: 0
	Page size (bytes): 4096
	Exit status: 0
>> END-UPDATE
1.12.0.zip
total 5292
-rw-rw-r--  1 cragkhit cragkhit 5411512 Apr 23 03:09 1.12.0.zip
drwxrwxr-x 81 cragkhit cragkhit    4096 Jun 30  2016 java-design-patterns-1.12.0
>> START-UPDATE 1.12.0.zip
2018/04/23 03:09:11
========== Configurations ==========
---------- ELASTICSEARCH -----------
server         : localhost
index          : github
type           : siamese
--------------- DATA ---------------
inputFolder    : /home/cragkhit/data/siamese_study/github_revisions/elasticsearch/unzipped
outputFolder   : search_results
dfs            : true
extension      : java
minCloneSize   : 10
------------- EXECUTION ------------
command        : delete
indexingMode   : bulk (4000)
outputFormat   : csvfline
------- MULTI-REPRESENTATION -------
multiRep       : true [true, true, true, true]
T2 norm        : dsvw
T3 norm        : djkopsvw
ngramSize      : t1=4 t2=16 t3=11
---------- QUERY REDUCTION ---------
queryReduction : true
qrThresholds   : t0=20.0 t1=10.0 t2=10.0 t3=5.0
queryBoosts    : t0=1 t1=7 t2=7 t3=14
====================================
Apr 23, 2018 3:09:11 AM org.elasticsearch.plugins.PluginsService <init>
INFO: [Jon Spectre] loaded [], sites []
Deleted 400 docs in 119ms

2018/04/23 03:09:12
Elapse time (ms): 932
	Command being timed: "java -jar siamese-0.0.5-SNAPSHOT.jar -cf config_delete_incremental.properties"
	User time (seconds): 1.34
	System time (seconds): 0.10
	Percent of CPU this job got: 140%
	Elapsed (wall clock) time (h:mm:ss or m:ss): 0:01.03
	Average shared text size (kbytes): 0
	Average unshared data size (kbytes): 0
	Average stack size (kbytes): 0
	Average total size (kbytes): 0
	Maximum resident set size (kbytes): 138680
	Average resident set size (kbytes): 0
	Major (requiring I/O) page faults: 0
	Minor (reclaiming a frame) page faults: 13235
	Voluntary context switches: 2889
	Involuntary context switches: 35
	Swaps: 0
	File system inputs: 0
	File system outputs: 72
	Socket messages sent: 0
	Socket messages received: 0
	Signals delivered: 0
	Page size (bytes): 4096
	Exit status: 0
2018/04/23 03:09:12
========== Configurations ==========
---------- ELASTICSEARCH -----------
server         : localhost
index          : github
type           : siamese
--------------- DATA ---------------
inputFolder    : /home/cragkhit/data/siamese_study/github_revisions/java-design-patterns/unzipped
outputFolder   : search_results
dfs            : true
extension      : java
minCloneSize   : 10
------------- EXECUTION ------------
command        : index
indexingMode   : bulk (4000)
outputFormat   : csvfline
------- MULTI-REPRESENTATION -------
multiRep       : true [true, true, true, true]
T2 norm        : dsvw
T3 norm        : djkopsvw
ngramSize      : t1=4 t2=16 t3=11
---------- QUERY REDUCTION ---------
queryReduction : true
qrThresholds   : t0=20.0 t1=10.0 t2=10.0 t3=5.0
queryBoosts    : t0=1 t1=7 t2=7 t3=14
====================================
Apr 23, 2018 3:09:12 AM org.elasticsearch.plugins.PluginsService <init>
INFO: [Ben Reilly] loaded [], sites []
Indexing Phase: found 842 files.
Indexed 842 [100.00%] documents (443 methods).
Successfully creating index.
2018/04/23 03:09:17
Elapse time (ms): 5076
	Command being timed: "java -jar siamese-0.0.5-SNAPSHOT.jar -cf config_incremental_index.properties"
	User time (seconds): 11.22
	System time (seconds): 0.75
	Percent of CPU this job got: 230%
	Elapsed (wall clock) time (h:mm:ss or m:ss): 0:05.18
	Average shared text size (kbytes): 0
	Average unshared data size (kbytes): 0
	Average stack size (kbytes): 0
	Average total size (kbytes): 0
	Maximum resident set size (kbytes): 516824
	Average resident set size (kbytes): 0
	Major (requiring I/O) page faults: 0
	Minor (reclaiming a frame) page faults: 115110
	Voluntary context switches: 7033
	Involuntary context switches: 850
	Swaps: 0
	File system inputs: 0
	File system outputs: 72
	Socket messages sent: 0
	Socket messages received: 0
	Signals delivered: 0
	Page size (bytes): 4096
	Exit status: 0
>> END-UPDATE
1.13.0.zip
total 5512
-rw-rw-r--  1 cragkhit cragkhit 5638060 Apr 23 03:09 1.13.0.zip
drwxrwxr-x 84 cragkhit cragkhit    4096 Sep 30  2016 java-design-patterns-1.13.0
>> START-UPDATE 1.13.0.zip
2018/04/23 03:09:17
========== Configurations ==========
---------- ELASTICSEARCH -----------
server         : localhost
index          : github
type           : siamese
--------------- DATA ---------------
inputFolder    : /home/cragkhit/data/siamese_study/github_revisions/elasticsearch/unzipped
outputFolder   : search_results
dfs            : true
extension      : java
minCloneSize   : 10
------------- EXECUTION ------------
command        : delete
indexingMode   : bulk (4000)
outputFormat   : csvfline
------- MULTI-REPRESENTATION -------
multiRep       : true [true, true, true, true]
T2 norm        : dsvw
T3 norm        : djkopsvw
ngramSize      : t1=4 t2=16 t3=11
---------- QUERY REDUCTION ---------
queryReduction : true
qrThresholds   : t0=20.0 t1=10.0 t2=10.0 t3=5.0
queryBoosts    : t0=1 t1=7 t2=7 t3=14
====================================
Apr 23, 2018 3:09:18 AM org.elasticsearch.plugins.PluginsService <init>
INFO: [Tag] loaded [], sites []
Deleted 443 docs in 124ms

2018/04/23 03:09:18
Elapse time (ms): 920
	Command being timed: "java -jar siamese-0.0.5-SNAPSHOT.jar -cf config_delete_incremental.properties"
	User time (seconds): 1.35
	System time (seconds): 0.07
	Percent of CPU this job got: 139%
	Elapsed (wall clock) time (h:mm:ss or m:ss): 0:01.02
	Average shared text size (kbytes): 0
	Average unshared data size (kbytes): 0
	Average stack size (kbytes): 0
	Average total size (kbytes): 0
	Maximum resident set size (kbytes): 138584
	Average resident set size (kbytes): 0
	Major (requiring I/O) page faults: 0
	Minor (reclaiming a frame) page faults: 13684
	Voluntary context switches: 2975
	Involuntary context switches: 52
	Swaps: 0
	File system inputs: 0
	File system outputs: 72
	Socket messages sent: 0
	Socket messages received: 0
	Signals delivered: 0
	Page size (bytes): 4096
	Exit status: 0
2018/04/23 03:09:18
========== Configurations ==========
---------- ELASTICSEARCH -----------
server         : localhost
index          : github
type           : siamese
--------------- DATA ---------------
inputFolder    : /home/cragkhit/data/siamese_study/github_revisions/java-design-patterns/unzipped
outputFolder   : search_results
dfs            : true
extension      : java
minCloneSize   : 10
------------- EXECUTION ------------
command        : index
indexingMode   : bulk (4000)
outputFormat   : csvfline
------- MULTI-REPRESENTATION -------
multiRep       : true [true, true, true, true]
T2 norm        : dsvw
T3 norm        : djkopsvw
ngramSize      : t1=4 t2=16 t3=11
---------- QUERY REDUCTION ---------
queryReduction : true
qrThresholds   : t0=20.0 t1=10.0 t2=10.0 t3=5.0
queryBoosts    : t0=1 t1=7 t2=7 t3=14
====================================
Apr 23, 2018 3:09:19 AM org.elasticsearch.plugins.PluginsService <init>
INFO: [Doctor Spectrum] loaded [], sites []
Indexing Phase: found 868 files.
Indexed 868 [100.00%] documents (480 methods).
Successfully creating index.
2018/04/23 03:09:24
Elapse time (ms): 5363
	Command being timed: "java -jar siamese-0.0.5-SNAPSHOT.jar -cf config_incremental_index.properties"
	User time (seconds): 11.77
	System time (seconds): 0.97
	Percent of CPU this job got: 232%
	Elapsed (wall clock) time (h:mm:ss or m:ss): 0:05.47
	Average shared text size (kbytes): 0
	Average unshared data size (kbytes): 0
	Average stack size (kbytes): 0
	Average total size (kbytes): 0
	Maximum resident set size (kbytes): 651468
	Average resident set size (kbytes): 0
	Major (requiring I/O) page faults: 0
	Minor (reclaiming a frame) page faults: 145983
	Voluntary context switches: 7020
	Involuntary context switches: 712
	Swaps: 0
	File system inputs: 0
	File system outputs: 72
	Socket messages sent: 0
	Socket messages received: 0
	Signals delivered: 0
	Page size (bytes): 4096
	Exit status: 0
>> END-UPDATE
1.14.0.zip
total 5784
-rw-rw-r--  1 cragkhit cragkhit 5917610 Apr 23 03:09 1.14.0.zip
drwxrwxr-x 88 cragkhit cragkhit    4096 Dec 31  2016 java-design-patterns-1.14.0
>> START-UPDATE 1.14.0.zip
2018/04/23 03:09:24
========== Configurations ==========
---------- ELASTICSEARCH -----------
server         : localhost
index          : github
type           : siamese
--------------- DATA ---------------
inputFolder    : /home/cragkhit/data/siamese_study/github_revisions/elasticsearch/unzipped
outputFolder   : search_results
dfs            : true
extension      : java
minCloneSize   : 10
------------- EXECUTION ------------
command        : delete
indexingMode   : bulk (4000)
outputFormat   : csvfline
------- MULTI-REPRESENTATION -------
multiRep       : true [true, true, true, true]
T2 norm        : dsvw
T3 norm        : djkopsvw
ngramSize      : t1=4 t2=16 t3=11
---------- QUERY REDUCTION ---------
queryReduction : true
qrThresholds   : t0=20.0 t1=10.0 t2=10.0 t3=5.0
queryBoosts    : t0=1 t1=7 t2=7 t3=14
====================================
Apr 23, 2018 3:09:24 AM org.elasticsearch.plugins.PluginsService <init>
INFO: [Lightmaster] loaded [], sites []
Deleted 480 docs in 153ms

2018/04/23 03:09:25
Elapse time (ms): 1063
	Command being timed: "java -jar siamese-0.0.5-SNAPSHOT.jar -cf config_delete_incremental.properties"
	User time (seconds): 1.47
	System time (seconds): 0.11
	Percent of CPU this job got: 133%
	Elapsed (wall clock) time (h:mm:ss or m:ss): 0:01.19
	Average shared text size (kbytes): 0
	Average unshared data size (kbytes): 0
	Average stack size (kbytes): 0
	Average total size (kbytes): 0
	Maximum resident set size (kbytes): 141312
	Average resident set size (kbytes): 0
	Major (requiring I/O) page faults: 0
	Minor (reclaiming a frame) page faults: 14356
	Voluntary context switches: 3018
	Involuntary context switches: 55
	Swaps: 0
	File system inputs: 0
	File system outputs: 72
	Socket messages sent: 0
	Socket messages received: 0
	Signals delivered: 0
	Page size (bytes): 4096
	Exit status: 0
2018/04/23 03:09:25
========== Configurations ==========
---------- ELASTICSEARCH -----------
server         : localhost
index          : github
type           : siamese
--------------- DATA ---------------
inputFolder    : /home/cragkhit/data/siamese_study/github_revisions/java-design-patterns/unzipped
outputFolder   : search_results
dfs            : true
extension      : java
minCloneSize   : 10
------------- EXECUTION ------------
command        : index
indexingMode   : bulk (4000)
outputFormat   : csvfline
------- MULTI-REPRESENTATION -------
multiRep       : true [true, true, true, true]
T2 norm        : dsvw
T3 norm        : djkopsvw
ngramSize      : t1=4 t2=16 t3=11
---------- QUERY REDUCTION ---------
queryReduction : true
qrThresholds   : t0=20.0 t1=10.0 t2=10.0 t3=5.0
queryBoosts    : t0=1 t1=7 t2=7 t3=14
====================================
Apr 23, 2018 3:09:25 AM org.elasticsearch.plugins.PluginsService <init>
INFO: [Shadowmage] loaded [], sites []
Indexing Phase: found 894 files.
Indexed 894 [100.00%] documents (510 methods).
Successfully creating index.
2018/04/23 03:09:31
Elapse time (ms): 5310
	Command being timed: "java -jar siamese-0.0.5-SNAPSHOT.jar -cf config_incremental_index.properties"
	User time (seconds): 12.00
	System time (seconds): 0.72
	Percent of CPU this job got: 234%
	Elapsed (wall clock) time (h:mm:ss or m:ss): 0:05.42
	Average shared text size (kbytes): 0
	Average unshared data size (kbytes): 0
	Average stack size (kbytes): 0
	Average total size (kbytes): 0
	Maximum resident set size (kbytes): 522784
	Average resident set size (kbytes): 0
	Major (requiring I/O) page faults: 0
	Minor (reclaiming a frame) page faults: 113275
	Voluntary context switches: 6802
	Involuntary context switches: 783
	Swaps: 0
	File system inputs: 0
	File system outputs: 80
	Socket messages sent: 0
	Socket messages received: 0
	Signals delivered: 0
	Page size (bytes): 4096
	Exit status: 0
>> END-UPDATE
1.15.0.zip
total 5928
-rw-rw-r--  1 cragkhit cragkhit 6063965 Apr 23 03:09 1.15.0.zip
drwxrwxr-x 92 cragkhit cragkhit    4096 Apr  1  2017 java-design-patterns-1.15.0
>> START-UPDATE 1.15.0.zip
2018/04/23 03:09:31
========== Configurations ==========
---------- ELASTICSEARCH -----------
server         : localhost
index          : github
type           : siamese
--------------- DATA ---------------
inputFolder    : /home/cragkhit/data/siamese_study/github_revisions/elasticsearch/unzipped
outputFolder   : search_results
dfs            : true
extension      : java
minCloneSize   : 10
------------- EXECUTION ------------
command        : delete
indexingMode   : bulk (4000)
outputFormat   : csvfline
------- MULTI-REPRESENTATION -------
multiRep       : true [true, true, true, true]
T2 norm        : dsvw
T3 norm        : djkopsvw
ngramSize      : t1=4 t2=16 t3=11
---------- QUERY REDUCTION ---------
queryReduction : true
qrThresholds   : t0=20.0 t1=10.0 t2=10.0 t3=5.0
queryBoosts    : t0=1 t1=7 t2=7 t3=14
====================================
Apr 23, 2018 3:09:31 AM org.elasticsearch.plugins.PluginsService <init>
INFO: [Feral] loaded [], sites []
Deleted 510 docs in 144ms

2018/04/23 03:09:32
Elapse time (ms): 974
	Command being timed: "java -jar siamese-0.0.5-SNAPSHOT.jar -cf config_delete_incremental.properties"
	User time (seconds): 1.42
	System time (seconds): 0.08
	Percent of CPU this job got: 139%
	Elapsed (wall clock) time (h:mm:ss or m:ss): 0:01.08
	Average shared text size (kbytes): 0
	Average unshared data size (kbytes): 0
	Average stack size (kbytes): 0
	Average total size (kbytes): 0
	Maximum resident set size (kbytes): 141116
	Average resident set size (kbytes): 0
	Major (requiring I/O) page faults: 0
	Minor (reclaiming a frame) page faults: 14290
	Voluntary context switches: 2962
	Involuntary context switches: 62
	Swaps: 0
	File system inputs: 0
	File system outputs: 72
	Socket messages sent: 0
	Socket messages received: 0
	Signals delivered: 0
	Page size (bytes): 4096
	Exit status: 0
2018/04/23 03:09:32
========== Configurations ==========
---------- ELASTICSEARCH -----------
server         : localhost
index          : github
type           : siamese
--------------- DATA ---------------
inputFolder    : /home/cragkhit/data/siamese_study/github_revisions/java-design-patterns/unzipped
outputFolder   : search_results
dfs            : true
extension      : java
minCloneSize   : 10
------------- EXECUTION ------------
command        : index
indexingMode   : bulk (4000)
outputFormat   : csvfline
------- MULTI-REPRESENTATION -------
multiRep       : true [true, true, true, true]
T2 norm        : dsvw
T3 norm        : djkopsvw
ngramSize      : t1=4 t2=16 t3=11
---------- QUERY REDUCTION ---------
queryReduction : true
qrThresholds   : t0=20.0 t1=10.0 t2=10.0 t3=5.0
queryBoosts    : t0=1 t1=7 t2=7 t3=14
====================================
Apr 23, 2018 3:09:32 AM org.elasticsearch.plugins.PluginsService <init>
INFO: [Western Kid] loaded [], sites []
Indexing Phase: found 916 files.
Indexed 916 [100.00%] documents (529 methods).
Successfully creating index.
2018/04/23 03:09:38
Elapse time (ms): 5558
	Command being timed: "java -jar siamese-0.0.5-SNAPSHOT.jar -cf config_incremental_index.properties"
	User time (seconds): 12.40
	System time (seconds): 1.00
	Percent of CPU this job got: 236%
	Elapsed (wall clock) time (h:mm:ss or m:ss): 0:05.68
	Average shared text size (kbytes): 0
	Average unshared data size (kbytes): 0
	Average stack size (kbytes): 0
	Average total size (kbytes): 0
	Maximum resident set size (kbytes): 662616
	Average resident set size (kbytes): 0
	Major (requiring I/O) page faults: 0
	Minor (reclaiming a frame) page faults: 148695
	Voluntary context switches: 6899
	Involuntary context switches: 667
	Swaps: 0
	File system inputs: 0
	File system outputs: 72
	Socket messages sent: 0
	Socket messages received: 0
	Signals delivered: 0
	Page size (bytes): 4096
	Exit status: 0
>> END-UPDATE
1.16.0.zip
total 6448
-rw-rw-r--  1 cragkhit cragkhit 6595548 Apr 23 03:09 1.16.0.zip
drwxrwxr-x 96 cragkhit cragkhit    4096 Jun 30  2017 java-design-patterns-1.16.0
>> START-UPDATE 1.16.0.zip
2018/04/23 03:09:38
========== Configurations ==========
---------- ELASTICSEARCH -----------
server         : localhost
index          : github
type           : siamese
--------------- DATA ---------------
inputFolder    : /home/cragkhit/data/siamese_study/github_revisions/elasticsearch/unzipped
outputFolder   : search_results
dfs            : true
extension      : java
minCloneSize   : 10
------------- EXECUTION ------------
command        : delete
indexingMode   : bulk (4000)
outputFormat   : csvfline
------- MULTI-REPRESENTATION -------
multiRep       : true [true, true, true, true]
T2 norm        : dsvw
T3 norm        : djkopsvw
ngramSize      : t1=4 t2=16 t3=11
---------- QUERY REDUCTION ---------
queryReduction : true
qrThresholds   : t0=20.0 t1=10.0 t2=10.0 t3=5.0
queryBoosts    : t0=1 t1=7 t2=7 t3=14
====================================
Apr 23, 2018 3:09:38 AM org.elasticsearch.plugins.PluginsService <init>
INFO: [Eliminator] loaded [], sites []
Deleted 529 docs in 137ms

2018/04/23 03:09:39
Elapse time (ms): 969
	Command being timed: "java -jar siamese-0.0.5-SNAPSHOT.jar -cf config_delete_incremental.properties"
	User time (seconds): 1.35
	System time (seconds): 0.16
	Percent of CPU this job got: 141%
	Elapsed (wall clock) time (h:mm:ss or m:ss): 0:01.06
	Average shared text size (kbytes): 0
	Average unshared data size (kbytes): 0
	Average stack size (kbytes): 0
	Average total size (kbytes): 0
	Maximum resident set size (kbytes): 140908
	Average resident set size (kbytes): 0
	Major (requiring I/O) page faults: 0
	Minor (reclaiming a frame) page faults: 14283
	Voluntary context switches: 2975
	Involuntary context switches: 49
	Swaps: 0
	File system inputs: 0
	File system outputs: 72
	Socket messages sent: 0
	Socket messages received: 0
	Signals delivered: 0
	Page size (bytes): 4096
	Exit status: 0
2018/04/23 03:09:39
========== Configurations ==========
---------- ELASTICSEARCH -----------
server         : localhost
index          : github
type           : siamese
--------------- DATA ---------------
inputFolder    : /home/cragkhit/data/siamese_study/github_revisions/java-design-patterns/unzipped
outputFolder   : search_results
dfs            : true
extension      : java
minCloneSize   : 10
------------- EXECUTION ------------
command        : index
indexingMode   : bulk (4000)
outputFormat   : csvfline
------- MULTI-REPRESENTATION -------
multiRep       : true [true, true, true, true]
T2 norm        : dsvw
T3 norm        : djkopsvw
ngramSize      : t1=4 t2=16 t3=11
---------- QUERY REDUCTION ---------
queryReduction : true
qrThresholds   : t0=20.0 t1=10.0 t2=10.0 t3=5.0
queryBoosts    : t0=1 t1=7 t2=7 t3=14
====================================
Apr 23, 2018 3:09:39 AM org.elasticsearch.plugins.PluginsService <init>
INFO: [Armadillo] loaded [], sites []
Indexing Phase: found 962 files.
Indexed 962 [100.00%] documents (552 methods).
Successfully creating index.
2018/04/23 03:09:46
Elapse time (ms): 6595
	Command being timed: "java -jar siamese-0.0.5-SNAPSHOT.jar -cf config_incremental_index.properties"
	User time (seconds): 12.85
	System time (seconds): 0.74
	Percent of CPU this job got: 202%
	Elapsed (wall clock) time (h:mm:ss or m:ss): 0:06.71
	Average shared text size (kbytes): 0
	Average unshared data size (kbytes): 0
	Average stack size (kbytes): 0
	Average total size (kbytes): 0
	Maximum resident set size (kbytes): 566360
	Average resident set size (kbytes): 0
	Major (requiring I/O) page faults: 0
	Minor (reclaiming a frame) page faults: 123145
	Voluntary context switches: 7088
	Involuntary context switches: 999
	Swaps: 0
	File system inputs: 0
	File system outputs: 72
	Socket messages sent: 0
	Socket messages received: 0
	Signals delivered: 0
	Page size (bytes): 4096
	Exit status: 0
>> END-UPDATE
1.17.0.zip
total 5932
-rw-rw-r--   1 cragkhit cragkhit 6069835 Apr 23 03:09 1.17.0.zip
drwxrwxr-x 101 cragkhit cragkhit    4096 Sep 30  2017 java-design-patterns-1.17.0
>> START-UPDATE 1.17.0.zip
2018/04/23 03:09:46
========== Configurations ==========
---------- ELASTICSEARCH -----------
server         : localhost
index          : github
type           : siamese
--------------- DATA ---------------
inputFolder    : /home/cragkhit/data/siamese_study/github_revisions/elasticsearch/unzipped
outputFolder   : search_results
dfs            : true
extension      : java
minCloneSize   : 10
------------- EXECUTION ------------
command        : delete
indexingMode   : bulk (4000)
outputFormat   : csvfline
------- MULTI-REPRESENTATION -------
multiRep       : true [true, true, true, true]
T2 norm        : dsvw
T3 norm        : djkopsvw
ngramSize      : t1=4 t2=16 t3=11
---------- QUERY REDUCTION ---------
queryReduction : true
qrThresholds   : t0=20.0 t1=10.0 t2=10.0 t3=5.0
queryBoosts    : t0=1 t1=7 t2=7 t3=14
====================================
Apr 23, 2018 3:09:46 AM org.elasticsearch.plugins.PluginsService <init>
INFO: [Moira MacTaggert] loaded [], sites []
Deleted 552 docs in 156ms

2018/04/23 03:09:47
Elapse time (ms): 929
	Command being timed: "java -jar siamese-0.0.5-SNAPSHOT.jar -cf config_delete_incremental.properties"
	User time (seconds): 1.34
	System time (seconds): 0.08
	Percent of CPU this job got: 137%
	Elapsed (wall clock) time (h:mm:ss or m:ss): 0:01.03
	Average shared text size (kbytes): 0
	Average unshared data size (kbytes): 0
	Average stack size (kbytes): 0
	Average total size (kbytes): 0
	Maximum resident set size (kbytes): 141796
	Average resident set size (kbytes): 0
	Major (requiring I/O) page faults: 0
	Minor (reclaiming a frame) page faults: 14472
	Voluntary context switches: 2783
	Involuntary context switches: 32
	Swaps: 0
	File system inputs: 0
	File system outputs: 72
	Socket messages sent: 0
	Socket messages received: 0
	Signals delivered: 0
	Page size (bytes): 4096
	Exit status: 0
2018/04/23 03:09:47
========== Configurations ==========
---------- ELASTICSEARCH -----------
server         : localhost
index          : github
type           : siamese
--------------- DATA ---------------
inputFolder    : /home/cragkhit/data/siamese_study/github_revisions/java-design-patterns/unzipped
outputFolder   : search_results
dfs            : true
extension      : java
minCloneSize   : 10
------------- EXECUTION ------------
command        : index
indexingMode   : bulk (4000)
outputFormat   : csvfline
------- MULTI-REPRESENTATION -------
multiRep       : true [true, true, true, true]
T2 norm        : dsvw
T3 norm        : djkopsvw
ngramSize      : t1=4 t2=16 t3=11
---------- QUERY REDUCTION ---------
queryReduction : true
qrThresholds   : t0=20.0 t1=10.0 t2=10.0 t3=5.0
queryBoosts    : t0=1 t1=7 t2=7 t3=14
====================================
Apr 23, 2018 3:09:47 AM org.elasticsearch.plugins.PluginsService <init>
INFO: [Kyle Gibney] loaded [], sites []
Indexing Phase: found 997 files.
Indexed 997 [100.00%] documents (587 methods).
Successfully creating index.
2018/04/23 03:09:53
Elapse time (ms): 5835
	Command being timed: "java -jar siamese-0.0.5-SNAPSHOT.jar -cf config_incremental_index.properties"
	User time (seconds): 12.14
	System time (seconds): 1.82
	Percent of CPU this job got: 234%
	Elapsed (wall clock) time (h:mm:ss or m:ss): 0:05.96
	Average shared text size (kbytes): 0
	Average unshared data size (kbytes): 0
	Average stack size (kbytes): 0
	Average total size (kbytes): 0
	Maximum resident set size (kbytes): 723580
	Average resident set size (kbytes): 0
	Major (requiring I/O) page faults: 0
	Minor (reclaiming a frame) page faults: 160606
	Voluntary context switches: 7090
	Involuntary context switches: 551
	Swaps: 0
	File system inputs: 0
	File system outputs: 72
	Socket messages sent: 0
	Socket messages received: 0
	Signals delivered: 0
	Page size (bytes): 4096
	Exit status: 0
>> END-UPDATE
1.18.0.zip
total 6224
-rw-rw-r--   1 cragkhit cragkhit 6368590 Apr 23 03:09 1.18.0.zip
drwxrwxr-x 105 cragkhit cragkhit    4096 Jan  1 14:50 java-design-patterns-1.18.0
>> START-UPDATE 1.18.0.zip
2018/04/23 03:09:53
========== Configurations ==========
---------- ELASTICSEARCH -----------
server         : localhost
index          : github
type           : siamese
--------------- DATA ---------------
inputFolder    : /home/cragkhit/data/siamese_study/github_revisions/elasticsearch/unzipped
outputFolder   : search_results
dfs            : true
extension      : java
minCloneSize   : 10
------------- EXECUTION ------------
command        : delete
indexingMode   : bulk (4000)
outputFormat   : csvfline
------- MULTI-REPRESENTATION -------
multiRep       : true [true, true, true, true]
T2 norm        : dsvw
T3 norm        : djkopsvw
ngramSize      : t1=4 t2=16 t3=11
---------- QUERY REDUCTION ---------
queryReduction : true
qrThresholds   : t0=20.0 t1=10.0 t2=10.0 t3=5.0
queryBoosts    : t0=1 t1=7 t2=7 t3=14
====================================
Apr 23, 2018 3:09:53 AM org.elasticsearch.plugins.PluginsService <init>
INFO: [Ripfire] loaded [], sites []
Deleted 587 docs in 170ms

2018/04/23 03:09:54
Elapse time (ms): 1027
	Command being timed: "java -jar siamese-0.0.5-SNAPSHOT.jar -cf config_delete_incremental.properties"
	User time (seconds): 1.34
	System time (seconds): 0.18
	Percent of CPU this job got: 133%
	Elapsed (wall clock) time (h:mm:ss or m:ss): 0:01.14
	Average shared text size (kbytes): 0
	Average unshared data size (kbytes): 0
	Average stack size (kbytes): 0
	Average total size (kbytes): 0
	Maximum resident set size (kbytes): 147888
	Average resident set size (kbytes): 0
	Major (requiring I/O) page faults: 0
	Minor (reclaiming a frame) page faults: 14456
	Voluntary context switches: 2820
	Involuntary context switches: 21
	Swaps: 0
	File system inputs: 0
	File system outputs: 72
	Socket messages sent: 0
	Socket messages received: 0
	Signals delivered: 0
	Page size (bytes): 4096
	Exit status: 0
2018/04/23 03:09:54
========== Configurations ==========
---------- ELASTICSEARCH -----------
server         : localhost
index          : github
type           : siamese
--------------- DATA ---------------
inputFolder    : /home/cragkhit/data/siamese_study/github_revisions/java-design-patterns/unzipped
outputFolder   : search_results
dfs            : true
extension      : java
minCloneSize   : 10
------------- EXECUTION ------------
command        : index
indexingMode   : bulk (4000)
outputFormat   : csvfline
------- MULTI-REPRESENTATION -------
multiRep       : true [true, true, true, true]
T2 norm        : dsvw
T3 norm        : djkopsvw
ngramSize      : t1=4 t2=16 t3=11
---------- QUERY REDUCTION ---------
queryReduction : true
qrThresholds   : t0=20.0 t1=10.0 t2=10.0 t3=5.0
queryBoosts    : t0=1 t1=7 t2=7 t3=14
====================================
Apr 23, 2018 3:09:54 AM org.elasticsearch.plugins.PluginsService <init>
INFO: [Sub-Mariner] loaded [], sites []
Indexing Phase: found 1027 files.
Indexed 1027 [100.00%] documents (611 methods).
Successfully creating index.
2018/04/23 03:10:01
Elapse time (ms): 6358
	Command being timed: "java -jar siamese-0.0.5-SNAPSHOT.jar -cf config_incremental_index.properties"
	User time (seconds): 12.78
	System time (seconds): 2.48
	Percent of CPU this job got: 235%
	Elapsed (wall clock) time (h:mm:ss or m:ss): 0:06.49
	Average shared text size (kbytes): 0
	Average unshared data size (kbytes): 0
	Average stack size (kbytes): 0
	Average total size (kbytes): 0
	Maximum resident set size (kbytes): 676516
	Average resident set size (kbytes): 0
	Major (requiring I/O) page faults: 0
	Minor (reclaiming a frame) page faults: 147773
	Voluntary context switches: 7792
	Involuntary context switches: 532
	Swaps: 0
	File system inputs: 0
	File system outputs: 72
	Socket messages sent: 0
	Socket messages received: 0
	Signals delivered: 0
	Page size (bytes): 4096
	Exit status: 0
>> END-UPDATE
1.19.0.zip
total 6296
-rw-rw-r--   1 cragkhit cragkhit 6440875 Apr 23 03:10 1.19.0.zip
drwxrwxr-x 106 cragkhit cragkhit    4096 Mar 31 08:34 java-design-patterns-1.19.0
>> START-UPDATE 1.19.0.zip
2018/04/23 03:10:01
========== Configurations ==========
---------- ELASTICSEARCH -----------
server         : localhost
index          : github
type           : siamese
--------------- DATA ---------------
inputFolder    : /home/cragkhit/data/siamese_study/github_revisions/elasticsearch/unzipped
outputFolder   : search_results
dfs            : true
extension      : java
minCloneSize   : 10
------------- EXECUTION ------------
command        : delete
indexingMode   : bulk (4000)
outputFormat   : csvfline
------- MULTI-REPRESENTATION -------
multiRep       : true [true, true, true, true]
T2 norm        : dsvw
T3 norm        : djkopsvw
ngramSize      : t1=4 t2=16 t3=11
---------- QUERY REDUCTION ---------
queryReduction : true
qrThresholds   : t0=20.0 t1=10.0 t2=10.0 t3=5.0
queryBoosts    : t0=1 t1=7 t2=7 t3=14
====================================
Apr 23, 2018 3:10:01 AM org.elasticsearch.plugins.PluginsService <init>
INFO: [Remy LeBeau] loaded [], sites []
Deleted 611 docs in 149ms

2018/04/23 03:10:02
Elapse time (ms): 998
	Command being timed: "java -jar siamese-0.0.5-SNAPSHOT.jar -cf config_delete_incremental.properties"
	User time (seconds): 1.37
	System time (seconds): 0.16
	Percent of CPU this job got: 138%
	Elapsed (wall clock) time (h:mm:ss or m:ss): 0:01.10
	Average shared text size (kbytes): 0
	Average unshared data size (kbytes): 0
	Average stack size (kbytes): 0
	Average total size (kbytes): 0
	Maximum resident set size (kbytes): 148084
	Average resident set size (kbytes): 0
	Major (requiring I/O) page faults: 0
	Minor (reclaiming a frame) page faults: 14529
	Voluntary context switches: 2864
	Involuntary context switches: 26
	Swaps: 0
	File system inputs: 0
	File system outputs: 72
	Socket messages sent: 0
	Socket messages received: 0
	Signals delivered: 0
	Page size (bytes): 4096
	Exit status: 0
2018/04/23 03:10:02
========== Configurations ==========
---------- ELASTICSEARCH -----------
server         : localhost
index          : github
type           : siamese
--------------- DATA ---------------
inputFolder    : /home/cragkhit/data/siamese_study/github_revisions/java-design-patterns/unzipped
outputFolder   : search_results
dfs            : true
extension      : java
minCloneSize   : 10
------------- EXECUTION ------------
command        : index
indexingMode   : bulk (4000)
outputFormat   : csvfline
------- MULTI-REPRESENTATION -------
multiRep       : true [true, true, true, true]
T2 norm        : dsvw
T3 norm        : djkopsvw
ngramSize      : t1=4 t2=16 t3=11
---------- QUERY REDUCTION ---------
queryReduction : true
qrThresholds   : t0=20.0 t1=10.0 t2=10.0 t3=5.0
queryBoosts    : t0=1 t1=7 t2=7 t3=14
====================================
Apr 23, 2018 3:10:02 AM org.elasticsearch.plugins.PluginsService <init>
INFO: [Karma] loaded [], sites []
Indexing Phase: found 1032 files.
Indexed 1032 [100.00%] documents (613 methods).
Successfully creating index.
2018/04/23 03:10:09
Elapse time (ms): 6946
	Command being timed: "java -jar siamese-0.0.5-SNAPSHOT.jar -cf config_incremental_index.properties"
	User time (seconds): 13.45
	System time (seconds): 2.59
	Percent of CPU this job got: 226%
	Elapsed (wall clock) time (h:mm:ss or m:ss): 0:07.07
	Average shared text size (kbytes): 0
	Average unshared data size (kbytes): 0
	Average stack size (kbytes): 0
	Average total size (kbytes): 0
	Maximum resident set size (kbytes): 714792
	Average resident set size (kbytes): 0
	Major (requiring I/O) page faults: 0
	Minor (reclaiming a frame) page faults: 161688
	Voluntary context switches: 7774
	Involuntary context switches: 662
	Swaps: 0
	File system inputs: 0
	File system outputs: 88
	Socket messages sent: 0
	Socket messages received: 0
	Signals delivered: 0
	Page size (bytes): 4096
	Exit status: 0
>> END-UPDATE
1.7.0.zip
total 3856
-rw-rw-r--  1 cragkhit cragkhit 3943498 Apr 23 03:10 1.7.0.zip
drwxrwxr-x 64 cragkhit cragkhit    4096 Nov  1  2015 java-design-patterns-1.7.0
>> START-UPDATE 1.7.0.zip
2018/04/23 03:10:09
========== Configurations ==========
---------- ELASTICSEARCH -----------
server         : localhost
index          : github
type           : siamese
--------------- DATA ---------------
inputFolder    : /home/cragkhit/data/siamese_study/github_revisions/elasticsearch/unzipped
outputFolder   : search_results
dfs            : true
extension      : java
minCloneSize   : 10
------------- EXECUTION ------------
command        : delete
indexingMode   : bulk (4000)
outputFormat   : csvfline
------- MULTI-REPRESENTATION -------
multiRep       : true [true, true, true, true]
T2 norm        : dsvw
T3 norm        : djkopsvw
ngramSize      : t1=4 t2=16 t3=11
---------- QUERY REDUCTION ---------
queryReduction : true
qrThresholds   : t0=20.0 t1=10.0 t2=10.0 t3=5.0
queryBoosts    : t0=1 t1=7 t2=7 t3=14
====================================
Apr 23, 2018 3:10:10 AM org.elasticsearch.plugins.PluginsService <init>
INFO: [Xavin] loaded [], sites []
Deleted 613 docs in 157ms

2018/04/23 03:10:10
Elapse time (ms): 1000
	Command being timed: "java -jar siamese-0.0.5-SNAPSHOT.jar -cf config_delete_incremental.properties"
	User time (seconds): 1.35
	System time (seconds): 0.14
	Percent of CPU this job got: 135%
	Elapsed (wall clock) time (h:mm:ss or m:ss): 0:01.10
	Average shared text size (kbytes): 0
	Average unshared data size (kbytes): 0
	Average stack size (kbytes): 0
	Average total size (kbytes): 0
	Maximum resident set size (kbytes): 147960
	Average resident set size (kbytes): 0
	Major (requiring I/O) page faults: 0
	Minor (reclaiming a frame) page faults: 14505
	Voluntary context switches: 2908
	Involuntary context switches: 26
	Swaps: 0
	File system inputs: 0
	File system outputs: 72
	Socket messages sent: 0
	Socket messages received: 0
	Signals delivered: 0
	Page size (bytes): 4096
	Exit status: 0
2018/04/23 03:10:11
========== Configurations ==========
---------- ELASTICSEARCH -----------
server         : localhost
index          : github
type           : siamese
--------------- DATA ---------------
inputFolder    : /home/cragkhit/data/siamese_study/github_revisions/java-design-patterns/unzipped
outputFolder   : search_results
dfs            : true
extension      : java
minCloneSize   : 10
------------- EXECUTION ------------
command        : index
indexingMode   : bulk (4000)
outputFormat   : csvfline
------- MULTI-REPRESENTATION -------
multiRep       : true [true, true, true, true]
T2 norm        : dsvw
T3 norm        : djkopsvw
ngramSize      : t1=4 t2=16 t3=11
---------- QUERY REDUCTION ---------
queryReduction : true
qrThresholds   : t0=20.0 t1=10.0 t2=10.0 t3=5.0
queryBoosts    : t0=1 t1=7 t2=7 t3=14
====================================
Apr 23, 2018 3:10:11 AM org.elasticsearch.plugins.PluginsService <init>
INFO: [Poison] loaded [], sites []
Indexing Phase: found 507 files.
Indexed 507 [100.00%] documents (201 methods).
Successfully creating index.
2018/04/23 03:10:15
Elapse time (ms): 4303
	Command being timed: "java -jar siamese-0.0.5-SNAPSHOT.jar -cf config_incremental_index.properties"
	User time (seconds): 6.98
	System time (seconds): 1.24
	Percent of CPU this job got: 186%
	Elapsed (wall clock) time (h:mm:ss or m:ss): 0:04.41
	Average shared text size (kbytes): 0
	Average unshared data size (kbytes): 0
	Average stack size (kbytes): 0
	Average total size (kbytes): 0
	Maximum resident set size (kbytes): 408984
	Average resident set size (kbytes): 0
	Major (requiring I/O) page faults: 0
	Minor (reclaiming a frame) page faults: 81854
	Voluntary context switches: 6328
	Involuntary context switches: 363
	Swaps: 0
	File system inputs: 0
	File system outputs: 72
	Socket messages sent: 0
	Socket messages received: 0
	Signals delivered: 0
	Page size (bytes): 4096
	Exit status: 0
>> END-UPDATE
1.8.0.zip
total 3972
-rw-rw-r--  1 cragkhit cragkhit 4059888 Apr 23 03:10 1.8.0.zip
drwxrwxr-x 66 cragkhit cragkhit    4096 Dec  2  2015 java-design-patterns-1.8.0
>> START-UPDATE 1.8.0.zip
2018/04/23 03:10:15
========== Configurations ==========
---------- ELASTICSEARCH -----------
server         : localhost
index          : github
type           : siamese
--------------- DATA ---------------
inputFolder    : /home/cragkhit/data/siamese_study/github_revisions/elasticsearch/unzipped
outputFolder   : search_results
dfs            : true
extension      : java
minCloneSize   : 10
------------- EXECUTION ------------
command        : delete
indexingMode   : bulk (4000)
outputFormat   : csvfline
------- MULTI-REPRESENTATION -------
multiRep       : true [true, true, true, true]
T2 norm        : dsvw
T3 norm        : djkopsvw
ngramSize      : t1=4 t2=16 t3=11
---------- QUERY REDUCTION ---------
queryReduction : true
qrThresholds   : t0=20.0 t1=10.0 t2=10.0 t3=5.0
queryBoosts    : t0=1 t1=7 t2=7 t3=14
====================================
Apr 23, 2018 3:10:15 AM org.elasticsearch.plugins.PluginsService <init>
INFO: [Harold H. Harold] loaded [], sites []
Deleted 201 docs in 104ms

2018/04/23 03:10:16
Elapse time (ms): 922
	Command being timed: "java -jar siamese-0.0.5-SNAPSHOT.jar -cf config_delete_incremental.properties"
	User time (seconds): 1.28
	System time (seconds): 0.13
	Percent of CPU this job got: 137%
	Elapsed (wall clock) time (h:mm:ss or m:ss): 0:01.03
	Average shared text size (kbytes): 0
	Average unshared data size (kbytes): 0
	Average stack size (kbytes): 0
	Average total size (kbytes): 0
	Maximum resident set size (kbytes): 142772
	Average resident set size (kbytes): 0
	Major (requiring I/O) page faults: 0
	Minor (reclaiming a frame) page faults: 13228
	Voluntary context switches: 2819
	Involuntary context switches: 17
	Swaps: 0
	File system inputs: 0
	File system outputs: 80
	Socket messages sent: 0
	Socket messages received: 0
	Signals delivered: 0
	Page size (bytes): 4096
	Exit status: 0
2018/04/23 03:10:16
========== Configurations ==========
---------- ELASTICSEARCH -----------
server         : localhost
index          : github
type           : siamese
--------------- DATA ---------------
inputFolder    : /home/cragkhit/data/siamese_study/github_revisions/java-design-patterns/unzipped
outputFolder   : search_results
dfs            : true
extension      : java
minCloneSize   : 10
------------- EXECUTION ------------
command        : index
indexingMode   : bulk (4000)
outputFormat   : csvfline
------- MULTI-REPRESENTATION -------
multiRep       : true [true, true, true, true]
T2 norm        : dsvw
T3 norm        : djkopsvw
ngramSize      : t1=4 t2=16 t3=11
---------- QUERY REDUCTION ---------
queryReduction : true
qrThresholds   : t0=20.0 t1=10.0 t2=10.0 t3=5.0
queryBoosts    : t0=1 t1=7 t2=7 t3=14
====================================
Apr 23, 2018 3:10:16 AM org.elasticsearch.plugins.PluginsService <init>
INFO: [Sekhmet] loaded [], sites []
Indexing Phase: found 515 files.
Indexed 515 [100.00%] documents (215 methods).
Successfully creating index.
2018/04/23 03:10:20
Elapse time (ms): 4331
	Command being timed: "java -jar siamese-0.0.5-SNAPSHOT.jar -cf config_incremental_index.properties"
	User time (seconds): 7.40
	System time (seconds): 1.34
	Percent of CPU this job got: 197%
	Elapsed (wall clock) time (h:mm:ss or m:ss): 0:04.43
	Average shared text size (kbytes): 0
	Average unshared data size (kbytes): 0
	Average stack size (kbytes): 0
	Average total size (kbytes): 0
	Maximum resident set size (kbytes): 414748
	Average resident set size (kbytes): 0
	Major (requiring I/O) page faults: 0
	Minor (reclaiming a frame) page faults: 83269
	Voluntary context switches: 6121
	Involuntary context switches: 514
	Swaps: 0
	File system inputs: 0
	File system outputs: 72
	Socket messages sent: 0
	Socket messages received: 0
	Signals delivered: 0
	Page size (bytes): 4096
	Exit status: 0
>> END-UPDATE
1.9.0.zip
total 4112
-rw-rw-r--  1 cragkhit cragkhit 4204556 Apr 23 03:10 1.9.0.zip
drwxrwxr-x 67 cragkhit cragkhit    4096 Jan  1  2016 java-design-patterns-1.9.0
>> START-UPDATE 1.9.0.zip
2018/04/23 03:10:21
========== Configurations ==========
---------- ELASTICSEARCH -----------
server         : localhost
index          : github
type           : siamese
--------------- DATA ---------------
inputFolder    : /home/cragkhit/data/siamese_study/github_revisions/elasticsearch/unzipped
outputFolder   : search_results
dfs            : true
extension      : java
minCloneSize   : 10
------------- EXECUTION ------------
command        : delete
indexingMode   : bulk (4000)
outputFormat   : csvfline
------- MULTI-REPRESENTATION -------
multiRep       : true [true, true, true, true]
T2 norm        : dsvw
T3 norm        : djkopsvw
ngramSize      : t1=4 t2=16 t3=11
---------- QUERY REDUCTION ---------
queryReduction : true
qrThresholds   : t0=20.0 t1=10.0 t2=10.0 t3=5.0
queryBoosts    : t0=1 t1=7 t2=7 t3=14
====================================
Apr 23, 2018 3:10:21 AM org.elasticsearch.plugins.PluginsService <init>
INFO: [Perseus] loaded [], sites []
Deleted 215 docs in 135ms

2018/04/23 03:10:22
Elapse time (ms): 959
	Command being timed: "java -jar siamese-0.0.5-SNAPSHOT.jar -cf config_delete_incremental.properties"
	User time (seconds): 1.29
	System time (seconds): 0.15
	Percent of CPU this job got: 135%
	Elapsed (wall clock) time (h:mm:ss or m:ss): 0:01.06
	Average shared text size (kbytes): 0
	Average unshared data size (kbytes): 0
	Average stack size (kbytes): 0
	Average total size (kbytes): 0
	Maximum resident set size (kbytes): 141124
	Average resident set size (kbytes): 0
	Major (requiring I/O) page faults: 0
	Minor (reclaiming a frame) page faults: 12802
	Voluntary context switches: 2861
	Involuntary context switches: 28
	Swaps: 0
	File system inputs: 0
	File system outputs: 80
	Socket messages sent: 0
	Socket messages received: 0
	Signals delivered: 0
	Page size (bytes): 4096
	Exit status: 0
2018/04/23 03:10:22
========== Configurations ==========
---------- ELASTICSEARCH -----------
server         : localhost
index          : github
type           : siamese
--------------- DATA ---------------
inputFolder    : /home/cragkhit/data/siamese_study/github_revisions/java-design-patterns/unzipped
outputFolder   : search_results
dfs            : true
extension      : java
minCloneSize   : 10
------------- EXECUTION ------------
command        : index
indexingMode   : bulk (4000)
outputFormat   : csvfline
------- MULTI-REPRESENTATION -------
multiRep       : true [true, true, true, true]
T2 norm        : dsvw
T3 norm        : djkopsvw
ngramSize      : t1=4 t2=16 t3=11
---------- QUERY REDUCTION ---------
queryReduction : true
qrThresholds   : t0=20.0 t1=10.0 t2=10.0 t3=5.0
queryBoosts    : t0=1 t1=7 t2=7 t3=14
====================================
Apr 23, 2018 3:10:22 AM org.elasticsearch.plugins.PluginsService <init>
INFO: [Nova] loaded [], sites []
Indexing Phase: found 678 files.
Indexed 678 [100.00%] documents (371 methods).
Successfully creating index.
2018/04/23 03:10:27
Elapse time (ms): 5119
	Command being timed: "java -jar siamese-0.0.5-SNAPSHOT.jar -cf config_incremental_index.properties"
	User time (seconds): 8.54
	System time (seconds): 1.68
	Percent of CPU this job got: 195%
	Elapsed (wall clock) time (h:mm:ss or m:ss): 0:05.22
	Average shared text size (kbytes): 0
	Average unshared data size (kbytes): 0
	Average stack size (kbytes): 0
	Average total size (kbytes): 0
	Maximum resident set size (kbytes): 483584
	Average resident set size (kbytes): 0
	Major (requiring I/O) page faults: 0
	Minor (reclaiming a frame) page faults: 100268
	Voluntary context switches: 6722
	Involuntary context switches: 523
	Swaps: 0
	File system inputs: 0
	File system outputs: 72
	Socket messages sent: 0
	Socket messages received: 0
	Signals delivered: 0
	Page size (bytes): 4096
	Exit status: 0
>> END-UPDATE
